Compilación iniciada a las 05/02/2015 15:45:33.
     1>Proyecto "C:\Users\Sabato\Documents\Visual Studio 2013\Projects\MaquinaRam\MaquinaRam\MaquinaRam.vcxproj" en el nodo 2 (Build destinos).
     1>ClCompile:
         C:\Program Files (x86)\Microsoft Visual Studio 12.0\VC\bin\CL.exe /c /ZI /nologo /W3 /WX- /sdl /Od /Oy- /D _MBCS /Gm /EHsc /RTC1 /MDd /GS /fp:precise /Zc:wchar_t /Zc:forScope /Fo"Debug\\" /Fd"Debug\vc120.pdb" /Gd /TP /analyze- /errorReport:prompt RamMachine.cpp
         RamMachine.cpp
     1>c:\users\sabato\documents\visual studio 2013\projects\maquinaram\maquinaram\rammachine.cpp(19): warning C4018: '<' : no coinciden signed/unsigned
     1>c:\users\sabato\documents\visual studio 2013\projects\maquinaram\maquinaram\rammachine.cpp(30): warning C4018: '<' : no coinciden signed/unsigned
     1>c:\users\sabato\documents\visual studio 2013\projects\maquinaram\maquinaram\rammachine.cpp(38): warning C4018: '<' : no coinciden signed/unsigned
     1>c:\users\sabato\documents\visual studio 2013\projects\maquinaram\maquinaram\rammachine.cpp(94): warning C4018: '<' : no coinciden signed/unsigned
     1>c:\users\sabato\documents\visual studio 2013\projects\maquinaram\maquinaram\rammachine.cpp(42): warning C4715: 'RamMachine::get_tagLine' : no todas las rutas de acceso de control devuelven un valor
       Link:
         C:\Program Files (x86)\Microsoft Visual Studio 12.0\VC\bin\link.exe /ERRORREPORT:PROMPT /OUT:"C:\Users\Sabato\Documents\Visual Studio 2013\Projects\MaquinaRam\Debug\MaquinaRam.exe" /INCREMENTAL /NOLOGO kernel32.lib user32.lib gdi32.lib winspool.lib comdlg32.lib advapi32.lib shell32.lib ole32.lib oleaut32.lib uuid.lib odbc32.lib odbccp32.lib /MANIFEST /MANIFESTUAC:"level='asInvoker' uiAccess='false'" /manifest:embed /DEBUG /PDB:"C:\Users\Sabato\Documents\Visual Studio 2013\Projects\MaquinaRam\Debug\MaquinaRam.pdb" /TLBID:1 /DYNAMICBASE /NXCOMPAT /IMPLIB:"C:\Users\Sabato\Documents\Visual Studio 2013\Projects\MaquinaRam\Debug\MaquinaRam.lib" /MACHINE:X86 Debug\InputTape.obj
         Debug\main.obj
         Debug\OutputTape.obj
         Debug\Program.obj
         Debug\RamMachine.obj
         Debug\Tag.obj
         Debug\Tape.obj
         MaquinaRam.vcxproj -> C:\Users\Sabato\Documents\Visual Studio 2013\Projects\MaquinaRam\Debug\MaquinaRam.exe
     1>Compilación del proyecto terminada "C:\Users\Sabato\Documents\Visual Studio 2013\Projects\MaquinaRam\MaquinaRam\MaquinaRam.vcxproj" (Build destinos).

Compilación correcta.

Tiempo transcurrido 00:00:00.92
